<?xml version="1.0" encoding="UTF-8"?>
<!-- Generated by org.testng.reporters.JUnitReportReporter -->
<testsuite skipped="0" hostname="Batman" name="sdet.week10.assessment.FW_MatchingSubarray" tests="1" failures="0" timestamp="2020-11-27T19:56:52 IST" time="0.013" errors="0">
  <testcase name="example1" time="0.013" classname="sdet.week10.assessment.FW_MatchingSubarray"/>
  <system-out/>
</testsuite> <!-- sdet.week10.assessment.FW_MatchingSubarray -->
